---
  0 debug pnpm:scope: 
    selected: 1
    workspacePrefix: null
  1 info pnpm: 
    message: "A store server is running. All store manipulations are delegated to it."
    prefix: "/app"
  2 debug pnpm:package-json: 
    initial: 
      //1: "describes your app and its dependencies"
      //2: "https://docs.npmjs.com/files/package.json"
      //3: "updating this file will download and update your packages"
      name: "hello-sqlite"
      version: "0.0.1"
      description: "A simple Node app with SQLite as a database management system, instantly up and running."
      main: "server.js"
      scripts: 
        start: "node server.js"
      dependencies: 
        body-parser: "^1.19.0"
        bootstrap: "^4.3.1"
        cors: "^2.8.5"
        express: "^4.16.4"
        express-session: "^1.16.2"
        jquery: "^3.4.1"
        passport: "^0.4.0"
        passport-google-oauth: "^2.0.0"
        path: "^0.12.7"
        popper: "^1.0.1"
        serve-favicon: "^2.5.0"
        session: "^0.1.0"
        sqlite: "^3.0.3"
        sqlite3: "^4.1.0"
      engines: 
        node: "8.x"
      repository: 
        url: "https://glitch.com/edit/#!/hello-sqlite"
      license: "MIT"
      keywords: 
        - "node"
        - "glitch"
        - "express"
      readme: "Welcome to Glitch\n=================\n\nClick `Show` in the header to see your app live. Updates to your code will instantly deploy and update live.\n\n**Glitch** is the friendly community where you'll build the app of your dreams. Glitch lets you instantly create, remix, edit, and host an app, bot or site, and you can invite collaborators or helpers to simultaneously edit code with you.\n\nFind out more [about Glitch](https://glitch.com/about).\n\n\nYour Project\n------------\n\nOn the front-end,\n- edit `public/client.js`, `public/style.css` and `views/index.html`\n- drag in `assets`, like images or music, to add them to your project\n\nOn the back-end,\n- your app starts at `server.js`\n- add frameworks and packages in `package.json`\n- safely store app secrets in `.env` (nobody can see this but you and people you invite)\n\nThis app has a database!\n- this app uses sqlite but you can power your apps with [a number of other storage options](https://glitch.com/storage)\n- `sqlite.db` is created and put into the `.data` folder, a hidden directory whose contents aren’t copied when a project is remixed. you can see the contents of `.data` in the console under \"Logs\"\n\n\nMade by [Glitch](https://glitch.com/)\n-------------------\n\n\\ ゜o゜)ノ\n"
      readmeFilename: "README.md"
      gitHead: "219be2a8f7043d31e9245a0dde653554b2900cc8"
      _id: "hello-sqlite@0.0.1"
    prefix: "/app"
  3 warn pnpm: 
    message: "Moving body-parser that was installed by a different package manager to \"node_modules/.ignored"
    prefix: "/app"
  4 error pnpm: 
    message: 
      errno: -39
      code: "ENOTEMPTY"
      syscall: "rename"
      path: "/rbd/pnpm-volume/831da1ea-1e50-4148-9a1d-b5e53a712f89/node_modules/body-parser"
      dest: "/rbd/pnpm-volume/831da1ea-1e50-4148-9a1d-b5e53a712f89/node_modules/.ignored/body-parser"
    err: 
      name: "Error"
      message: "ENOTEMPTY: directory not empty, rename '/rbd/pnpm-volume/831da1ea-1e50-4148-9a1d-b5e53a712f89/node_modules/body-parser' -> '/rbd/pnpm-volume/831da1ea-1e50-4148-9a1d-b5e53a712f89/node_modules/.ignored/body-parser'"
      code: "ENOTEMPTY"
      stack: "Error: ENOTEMPTY: directory not empty, rename '/rbd/pnpm-volume/831da1ea-1e50-4148-9a1d-b5e53a712f89/node_modules/body-parser' -> '/rbd/pnpm-volume/831da1ea-1e50-4148-9a1d-b5e53a712f89/node_modules/.ignored/body-parser'"
